<?xml version="1.0" encoding="UTF-8"?>
<!-- Generated by org.testng.reporters.JUnitXMLReporter -->
<testsuite ignored="7" hostname="DESKTOP-2L70A79" failures="0" tests="5" name="Test" time="0.086" errors="0" timestamp="2023-08-18T08:55:22 IST">
  <testcase classname="groupexecution.Test1" name="demo2" time="0.008"/>
  <testcase classname="groupexecution.Test1" name="demo3" time="0.002"/>
  <testcase classname="groupexecution.Test2" name="demo2" time="0.001"/>
  <testcase classname="groupexecution.Test2" name="demo3" time="0.002"/>
  <testcase classname="groupexecution.Test3" name="demo2" time="0.001"/>
  <testcase classname="groupexecution.Test4" name="demo3" time="0.0">
    <ignored/>
  </testcase> <!-- demo3 -->
  <testcase classname="groupexecution.Test3" name="demo3" time="0.0">
    <ignored/>
  </testcase> <!-- demo3 -->
  <testcase classname="groupexecution.Test4" name="demo2" time="0.0">
    <ignored/>
  </testcase> <!-- demo2 -->
  <testcase classname="groupexecution.Test4" name="demo1" time="0.0">
    <ignored/>
  </testcase> <!-- demo1 -->
  <testcase classname="groupexecution.Test1" name="demo1" time="0.0">
    <ignored/>
  </testcase> <!-- demo1 -->
  <testcase classname="groupexecution.Test3" name="demo1" time="0.0">
    <ignored/>
  </testcase> <!-- demo1 -->
  <testcase classname="groupexecution.Test2" name="demo1" time="0.0">
    <ignored/>
  </testcase> <!-- demo1 -->
</testsuite> <!-- Test -->
