<?xml version="1.0" encoding="UTF-8"?>
<testng-results ignored="0" total="1" passed="1" failed="0" skipped="0">
  <reporter-output>
  </reporter-output>
  <suite started-at="2023-08-25T10:08:31 IST" name="Default suite" finished-at="2023-08-25T10:08:44 IST" duration-ms="13193">
    <groups>
    </groups>
    <test started-at="2023-08-25T10:08:31 IST" name="Default test" finished-at="2023-08-25T10:08:44 IST" duration-ms="13193">
      <class name="vtigerFinalScripts.CreateEventTest">
        <test-method is-config="true" signature="classSetup()[pri:0, instance:vtigerFinalScripts.CreateEventTest@3d285d7e]" started-at="2023-08-25T10:08:31 IST" name="classSetup" finished-at="2023-08-25T10:08:33 IST" duration-ms="1625" status="PASS">
          <reporter-output>
          </reporter-output>
        </test-method> <!-- classSetup -->
        <test-method is-config="true" signature="methodSetup()[pri:0, instance:vtigerFinalScripts.CreateEventTest@3d285d7e]" started-at="2023-08-25T10:08:33 IST" name="methodSetup" finished-at="2023-08-25T10:08:36 IST" duration-ms="2963" status="PASS">
          <reporter-output>
          </reporter-output>
        </test-method> <!-- methodSetup -->
        <test-method signature="createEventTest()[pri:0, instance:vtigerFinalScripts.CreateEventTest@3d285d7e]" started-at="2023-08-25T10:08:36 IST" name="createEventTest" finished-at="2023-08-25T10:08:43 IST" duration-ms="7369" status="PASS">
          <reporter-output>
          </reporter-output>
        </test-method> <!-- createEventTest -->
        <test-method is-config="true" signature="methodTearDown()[pri:0, instance:vtigerFinalScripts.CreateEventTest@3d285d7e]" started-at="2023-08-25T10:08:43 IST" name="methodTearDown" finished-at="2023-08-25T10:08:44 IST" duration-ms="1005" status="PASS">
          <reporter-output>
          </reporter-output>
        </test-method> <!-- methodTearDown -->
        <test-method is-config="true" signature="classTearDown()[pri:0, instance:vtigerFinalScripts.CreateEventTest@3d285d7e]" started-at="2023-08-25T10:08:44 IST" name="classTearDown" finished-at="2023-08-25T10:08:44 IST" duration-ms="181" status="PASS">
          <reporter-output>
          </reporter-output>
        </test-method> <!-- classTearDown -->
      </class> <!-- vtigerFinalScripts.CreateEventTest -->
    </test> <!-- Default test -->
  </suite> <!-- Default suite -->
</testng-results>
