<?xml version="1.0" encoding="UTF-8"?>
<!-- Generated by org.testng.reporters.JUnitReportReporter -->
<testsuite hostname="DESKTOP-2L70A79" failures="0" tests="1" name="vtigerFinalScripts.CreateOrgWithTypeAndIndustryTest" time="10.288" errors="0" timestamp="2023-08-23T09:08:23 IST" skipped="0">
  <testcase classname="vtigerFinalScripts.CreateOrgWithTypeAndIndustryTest" name="createOrgWithIndustryAndTypeTest" time="10.288"/>
</testsuite> <!-- vtigerFinalScripts.CreateOrgWithTypeAndIndustryTest -->
